<?xml version="1.0" encoding="UTF-8"?>
<!-- Generated by org.testng.reporters.JUnitReportReporter -->
<testsuite skipped="1" hostname="DESKTOP-1TNSHNN" name="testNgPractice.DisabledTestInTesting" tests="4" failures="0" timestamp="2020-01-20T13:10:26 IST" time="0.053" errors="0">
  <testcase name="tc_002" time="0.006" classname="testNgPractice.DisabledTestInTesting"/>
  <testcase name="tc_004" time="0.005" classname="testNgPractice.DisabledTestInTesting"/>
  <testcase name="tc_001" time="0.042" classname="testNgPractice.DisabledTestInTesting"/>
  <testcase name="tc_003" classname="testNgPractice.DisabledTestInTesting">
    <skipped/>
  </testcase> <!-- tc_003 -->
</testsuite> <!-- testNgPractice.DisabledTestInTesting -->
