<?xml version="1.0" encoding="UTF-8"?>
<!-- Generated by org.testng.reporters.JUnitReportReporter -->
<testsuite skipped="0" hostname="DESKTOP-1TNSHNN" name="testNgPractice.TestInTesting" tests="4" failures="0" timestamp="2020-01-20T12:39:35 IST" time="0.062" errors="0">
  <testcase name="loginToAppTest" time="0.007" classname="testNgPractice.TestInTesting"/>
  <testcase name="logoutToAppTest" time="0.009" classname="testNgPractice.TestInTesting"/>
  <testcase name="registerNewAppTest" time="0.006" classname="testNgPractice.TestInTesting"/>
  <testcase name="createAnAppTest" time="0.040" classname="testNgPractice.TestInTesting"/>
</testsuite> <!-- testNgPractice.TestInTesting -->
