<?xml version="1.0" encoding="UTF-8"?>
<!-- Generated by org.testng.reporters.JUnitReportReporter -->
<testsuite skipped="0" hostname="DESKTOP-1TNSHNN" name="testNgLearning.GroupsInTesting" tests="1" failures="0" timestamp="2020-01-22T13:35:00 IST" time="0.019" errors="0">
  <testcase name="test4" time="0.019" classname="testNgLearning.GroupsInTesting"/>
</testsuite> <!-- testNgLearning.GroupsInTesting -->
