<?xml version="1.0" encoding="UTF-8"?>
<!-- Generated by org.testng.reporters.JUnitReportReporter -->
<testsuite skipped="0" hostname="DESKTOP-1TNSHNN" name="testNgPractice.PriotizeTestInTesting" tests="4" failures="0" timestamp="2020-01-20T12:50:42 IST" time="0.065" errors="0">
  <testcase name="createAnAccountTest" time="0.039" classname="testNgPractice.PriotizeTestInTesting"/>
  <testcase name="registerNewAppTest" time="0.006" classname="testNgPractice.PriotizeTestInTesting"/>
  <testcase name="loginToAppTest" time="0.007" classname="testNgPractice.PriotizeTestInTesting"/>
  <testcase name="logoutToAppTest" time="0.013" classname="testNgPractice.PriotizeTestInTesting"/>
</testsuite> <!-- testNgPractice.PriotizeTestInTesting -->
