<?xml version="1.0" encoding="UTF-8"?>
<!-- Generated by org.testng.reporters.JUnitReportReporter -->
<testsuite skipped="0" hostname="DESKTOP-1TNSHNN" name="first_script" tests="1" failures="0" timestamp="2020-01-20T12:09:29 IST" time="0.039" errors="0">
  <testcase name="tc_01" time="0.039" classname="first_script"/>
</testsuite> <!-- first_script -->
