<?xml version="1.0" encoding="UTF-8"?>
<!-- Generated by org.testng.reporters.JUnitReportReporter -->
<testsuite skipped="0" hostname="DESKTOP-1TNSHNN" name="testNgPractice.AnnotationInTesting" tests="2" failures="0" timestamp="2020-01-20T12:28:44 IST" time="0.038" errors="0">
  <testcase name="test2" time="0.011" classname="testNgPractice.AnnotationInTesting"/>
  <testcase name="test1" time="0.027" classname="testNgPractice.AnnotationInTesting"/>
</testsuite> <!-- testNgPractice.AnnotationInTesting -->
