<?xml version="1.0" encoding="UTF-8"?>
<!-- Generated by org.testng.reporters.JUnitReportReporter -->
<testsuite skipped="0" hostname="DESKTOP-1TNSHNN" name="com.visionit.freecrm.hybridframework.testcases.LoginPageTest" tests="1" failures="0" timestamp="2020-01-28T08:34:23 IST" time="6.357" errors="0">
  <testcase name="verifyLoginTest" time="6.357" classname="com.visionit.freecrm.hybridframework.testcases.LoginPageTest"/>
</testsuite> <!-- com.visionit.freecrm.hybridframework.testcases.LoginPageTest -->
